<?xml version="1.0" encoding="UTF-8"?>
<!-- Generated by org.testng.reporters.JUnitReportReporter -->
<testsuite hostname="DESKTOP-8HESGMV" failures="0" tests="4" name="runners.TestRunner" time="71.953" errors="2" timestamp="2023-10-27T08:58:51 IST" skipped="0">
  <testcase classname="runners.TestRunner" name="runScenario" time="21.094"/>
  <testcase classname="runners.TestRunner" name="runScenario" time="7.673">
    <error message="Index 2 out of bounds for length 2" type="java.lang.IndexOutOfBoundsException">
      <![CDATA[java.lang.IndexOutOfBoundsException: Index 2 out of bounds for length 2
at java.base/jdk.internal.util.Preconditions.outOfBounds(Preconditions.java:100)
at java.base/jdk.internal.util.Preconditions.outOfBoundsCheckIndex(Preconditions.java:106)
at java.base/jdk.internal.util.Preconditions.checkIndex(Preconditions.java:302)
at java.base/java.util.Objects.checkIndex(Objects.java:359)
at java.base/java.util.ArrayList.get(ArrayList.java:427)
at Testcases.TestLoginExcelLogin.fill_in_the_account_details_user_password_in_the_login_screen(TestLoginExcelLogin.java:63)
at ✽.Fill in the account details user "Sheet1" password 2 in the login screen.(file:///D:/Git3/OrangeHR/com.orangehrm/src/test/resources/Features/TestLoginFeature.feature:23)
]]>
    </error>
  </testcase> <!-- runScenario -->
  <testcase classname="runners.TestRunner" name="runScenario" time="20.658"/>
  <testcase classname="runners.TestRunner" name="runScenario" time="22.528">
    <error message="Index 3 out of bounds for length 2" type="java.lang.IndexOutOfBoundsException">
      <![CDATA[java.lang.IndexOutOfBoundsException: Index 3 out of bounds for length 2
at java.base/jdk.internal.util.Preconditions.outOfBounds(Preconditions.java:100)
at java.base/jdk.internal.util.Preconditions.outOfBoundsCheckIndex(Preconditions.java:106)
at java.base/jdk.internal.util.Preconditions.checkIndex(Preconditions.java:302)
at java.base/java.util.Objects.checkIndex(Objects.java:359)
at java.base/java.util.ArrayList.get(ArrayList.java:427)
at Testcases.TestLoginExcelLogin.fill_in_the_account_details_user_password_in_the_login_screen(TestLoginExcelLogin.java:63)
at ✽.Fill in the account details user "Sheet1" password 3 in the login screen.(file:///D:/Git3/OrangeHR/com.orangehrm/src/test/resources/Features/TestLoginFeature.feature:23)
]]>
    </error>
  </testcase> <!-- runScenario -->
</testsuite> <!-- runners.TestRunner -->
